<?xml version="1.0" encoding="UTF-8"?>
<!-- Generated by org.testng.reporters.JUnitXMLReporter -->
<testsuite ignored="0" hostname="LAPTOP-62I5Q3FU" failures="0" tests="5" name="Smoke Test" time="120.963" errors="0" timestamp="2025-08-02T15:50:19 IST">
  <testcase classname="SELENIUMPROJECT01.login" name="loginTC" time="14.093"/>
  <testcase classname="SELENIUMPROJECT01.SelectProduct" name="Selectprod" time="14.882"/>
  <testcase classname="SELENIUMPROJECT01.Addtocard" name="Selectprod" time="37.189"/>
  <testcase classname="SELENIUMPROJECT01.buyproduct" name="Selectprod" time="36.908"/>
  <testcase classname="SELENIUMPROJECT01.logout" name="logoutTC" time="17.79"/>
</testsuite> <!-- Smoke Test -->
