<?xml version="1.0" encoding="UTF-8"?>
<testng-results ignored="0" total="1" passed="1" failed="0" skipped="0">
  <reporter-output>
  </reporter-output>
  <suite started-at="2025-08-05T15:22:36 IST" name="ExploratoryTesting" finished-at="2025-08-05T15:23:12 IST" duration-ms="35927">
    <groups>
      <group name="smoke">
        <method signature="Selectprodfromdd.buyfromdropdown()[pri:1, instance:SELENIUMPROJECT01.Selectprodfromdd@424e1977]" name="buyfromdropdown" class="SELENIUMPROJECT01.Selectprodfromdd"/>
      </group> <!-- smoke -->
    </groups>
    <test started-at="2025-08-05T15:22:36 IST" name="Sanity" finished-at="2025-08-05T15:23:12 IST" duration-ms="35927">
      <class name="SELENIUMPROJECT01.Selectprodfromdd">
        <test-method is-config="true" signature="setup()[pri:0, instance:SELENIUMPROJECT01.Selectprodfromdd@424e1977]" started-at="2025-08-05T15:22:36 IST" name="setup" finished-at="2025-08-05T15:22:39 IST" duration-ms="2529" status="PASS">
          <reporter-output>
          </reporter-output>
        </test-method> <!-- setup -->
        <test-method signature="buyfromdropdown()[pri:1, instance:SELENIUMPROJECT01.Selectprodfromdd@424e1977]" started-at="2025-08-05T15:22:39 IST" name="buyfromdropdown" finished-at="2025-08-05T15:23:12 IST" duration-ms="33320" status="PASS">
          <reporter-output>
          </reporter-output>
        </test-method> <!-- buyfromdropdown -->
      </class> <!-- SELENIUMPROJECT01.Selectprodfromdd -->
    </test> <!-- Sanity -->
  </suite> <!-- ExploratoryTesting -->
</testng-results>
